<?xml version="1.0" encoding="UTF-8"?>
<!-- Generated by org.testng.reporters.JUnitReportReporter -->
<testsuite hostname="DESKTOP-QUDC6GG" failures="0" tests="1" name="testing.testTrial" time="11.193" errors="0" timestamp="22 июн. 2020 18:17:04 GMT" skipped="0">
  <testcase classname="testing.testTrial" name="oneTrial" time="11.193"/>
</testsuite> <!-- testing.testTrial -->
