<?xml version="1.0" encoding="UTF-8"?>
<!-- Generated by org.testng.reporters.JUnitReportReporter -->
<testsuite hostname="DESKTOP-QUDC6GG" failures="0" tests="1" name="com.phptravels.logintests.PositiveLogInTest" time="15.254" errors="0" timestamp="17 июн. 2020 17:16:58 GMT" skipped="0">
  <testcase classname="com.phptravels.logintests.PositiveLogInTest" name="positiveLogInTest" time="15.254"/>
</testsuite> <!-- com.phptravels.logintests.PositiveLogInTest -->
