<?xml version="1.0" encoding="UTF-8"?>
<!-- Generated by org.testng.reporters.JUnitReportReporter -->
<testsuite hostname="DESKTOP-QUDC6GG" failures="0" tests="1" name="com.phptravels.profiletests.ProfileTests" time="30.603" errors="0" timestamp="16 июн. 2020 18:38:46 GMT" skipped="0">
  <testcase classname="com.phptravels.profiletests.ProfileTests" name="profileTests" time="30.603"/>
</testsuite> <!-- com.phptravels.profiletests.ProfileTests -->
