<?xml version="1.0" encoding="UTF-8"?>
<!-- Generated by org.testng.reporters.JUnitReportReporter -->
<testsuite hostname="DESKTOP-QUDC6GG" failures="0" tests="4" name="com.phptravels.logintests.NegativeLogInTest" time="58.538" errors="0" timestamp="09 июн. 2020 15:50:08 GMT" skipped="0">
  <testcase classname="com.phptravels.logintests.NegativeLogInTest" name="negativeLogInTest" time="12.230"/>
  <testcase classname="com.phptravels.logintests.NegativeLogInTest" name="negativeLogInTest" time="13.115"/>
  <testcase classname="com.phptravels.logintests.NegativeLogInTest" name="negativeLogInTest" time="20.715"/>
  <testcase classname="com.phptravels.logintests.NegativeLogInTest" name="negativeLogInTest" time="12.478"/>
</testsuite> <!-- com.phptravels.logintests.NegativeLogInTest -->
