<?xml version="1.0" encoding="UTF-8"?>
<!-- Generated by org.testng.reporters.JUnitReportReporter -->
<testsuite hostname="DESKTOP-QUDC6GG" failures="0" tests="1" name="com.phptravels.logintests.FirstTest" time="7.971" errors="0" timestamp="01 июн. 2020 22:37:30 GMT" skipped="0">
  <testcase classname="com.phptravels.logintests.FirstTest" name="firstTestMethod" time="7.971"/>
</testsuite> <!-- com.phptravels.logintests.FirstTest -->
